
Warning: Module "curl" is already loaded in Unknown on line 0

Warning: Module "fileinfo" is already loaded in Unknown on line 0

Warning: Module "mbstring" is already loaded in Unknown on line 0

Warning: Module "openssl" is already loaded in Unknown on line 0

Warning: Module "pdo_sqlite" is already loaded in Unknown on line 0

Warning: Module "sqlite3" is already loaded in Unknown on line 0

Warning: Module "openssl" is already loaded in Unknown on line 0

Warning: Module "curl" is already loaded in Unknown on line 0

Warning: Module "mbstring" is already loaded in Unknown on line 0

Deprecated: optional(): Implicitly marking parameter $callback as nullable is deprecated, the explicit nullable type must be used instead in E:\AURAsd\server\vendor\laravel\framework\src\Illuminate\Support\helpers.php on line 184

Deprecated: with(): Implicitly marking parameter $callback as nullable is deprecated, the explicit nullable type must be used instead in E:\AURAsd\server\vendor\laravel\framework\src\Illuminate\Support\helpers.php on line 375

Deprecated: Illuminate\Container\Container::beforeResolving(): Implicitly marking parameter $callback as nullable is deprecated, the explicit nullable type must be used instead in E:\AURAsd\server\vendor\laravel\framework\src\Illuminate\Container\Container.php on line 1114

Deprecated: Illuminate\Container\Container::resolving(): Implicitly marking parameter $callback as nullable is deprecated, the explicit nullable type must be used instead in E:\AURAsd\server\vendor\laravel\framework\src\Illuminate\Container\Container.php on line 1134

Deprecated: Illuminate\Container\Container::afterResolving(): Implicitly marking parameter $callback as nullable is deprecated, the explicit nullable type must be used instead in E:\AURAsd\server\vendor\laravel\framework\src\Illuminate\Container\Container.php on line 1154

Deprecated: Illuminate\Container\Container::setInstance(): Implicitly marking parameter $container as nullable is deprecated, the explicit nullable type must be used instead in E:\AURAsd\server\vendor\laravel\framework\src\Illuminate\Container\Container.php on line 1393

Deprecated: Illuminate\Contracts\Container\Container::resolving(): Implicitly marking parameter $callback as nullable is deprecated, the explicit nullable type must be used instead in E:\AURAsd\server\vendor\laravel\framework\src\Illuminate\Contracts\Container\Container.php on line 173

Deprecated: Illuminate\Contracts\Container\Container::afterResolving(): Implicitly marking parameter $callback as nullable is deprecated, the explicit nullable type must be used instead in E:\AURAsd\server\vendor\laravel\framework\src\Illuminate\Contracts\Container\Container.php on line 182

Deprecated: Illuminate\Support\Arr::first(): Implicitly marking parameter $callback as nullable is deprecated, the explicit nullable type must be used instead in E:\AURAsd\server\vendor\laravel\framework\src\Illuminate\Collections\Arr.php on line 183

Deprecated: Illuminate\Support\Arr::last(): Implicitly marking parameter $callback as nullable is deprecated, the explicit nullable type must be used instead in E:\AURAsd\server\vendor\laravel\framework\src\Illuminate\Collections\Arr.php on line 212

Deprecated: Illuminate\Events\Dispatcher::__construct(): Implicitly marking parameter $container as nullable is deprecated, the explicit nullable type must be used instead in E:\AURAsd\server\vendor\laravel\framework\src\Illuminate\Events\Dispatcher.php on line 65

Deprecated: Illuminate\Support\Str::createUuidsUsing(): Implicitly marking parameter $factory as nullable is deprecated, the explicit nullable type must be used instead in E:\AURAsd\server\vendor\laravel\framework\src\Illuminate\Support\Str.php on line 1007

Deprecated: voku\helper\ASCII::to_ascii(): Implicitly marking parameter $replace_single_chars_only as nullable is deprecated, the explicit nullable type must be used instead in E:\AURAsd\server\vendor\voku\portable-ascii\src\voku\helper\ASCII.php on line 830
Migrating: 2026_04_02_162216_add_fields_to_events_table

   Illuminate\Database\QueryException 

  SQLSTATE[42S21]: Column already exists: 1060 Duplicate column name 'chief_guest' (SQL: alter table `events` add `chief_guest` varchar(255) null, add `tickets_sold` int not null default '0')

  at E:\AURAsd\server\vendor\laravel\framework\src\Illuminate\Database\Connection.php:712
    708Γûò         // If an exception occurs when attempting to run a query, we'll format the error
    709Γûò         // message to include the bindings with SQL, which will make this exception a
    710Γûò         // lot more helpful to the developer instead of just the database's errors.
    711Γûò         catch (Exception $e) {
  Γ₧£ 712Γûò             throw new QueryException(
    713Γûò                 $query, $this->prepareBindings($bindings), $e
    714Γûò             );
    715Γûò         }
    716Γûò     }

  1   E:\AURAsd\server\vendor\laravel\framework\src\Illuminate\Database\Connection.php:501
      PDOException::("SQLSTATE[42S21]: Column already exists: 1060 Duplicate column name 'chief_guest'")

  2   E:\AURAsd\server\vendor\laravel\framework\src\Illuminate\Database\Connection.php:501
      PDOStatement::execute()
